{"uuid":"651f338b-cb6d-4128-8f1c-a9a7242b2229","historyId":"1a6bdea5ca96b86a55811fa461391bf8","fullName":"sanity.IMDb.test01_verifyX_axisY_AxisIMDbLabel","labels":[{"name":"package","value":"sanity.IMDb"},{"name":"testClass","value":"sanity.IMDb"},{"name":"testMethod","value":"test01_verifyX_axisY_AxisIMDbLabel"},{"name":"parentSuite","value":"Suite"},{"name":"suite","value":"Test"},{"name":"subSuite","value":"sanity.IMDb"},{"name":"host","value":"DESKTOP-3BGB7B3"},{"name":"thread","value":"17648@DESKTOP-3BGB7B3.TestNG-test=Test-1(24)"},{"name":"framework","value":"testng"},{"name":"language","value":"java"}],"links":[],"name":"Test 01: Verify x_Axis and y_Axis of 'IMDb' label","status":"broken","statusDetails":{"known":false,"muted":false,"flaky":false,"message":"Cannot invoke \"org.testng.asserts.SoftAssert.assertEquals(int, int)\" because \"extensions.Verifications.softAssertX_axisY_Axis\" is null","trace":"java.lang.NullPointerException: Cannot invoke \"org.testng.asserts.SoftAssert.assertEquals(int, int)\" because \"extensions.Verifications.softAssertX_axisY_Axis\" is null\r\n\tat extensions.Verifications.verifyX_axisY_Axis(Verifications.java:17)\r\n\tat sanity.IMDb.test01_verifyX_axisY_AxisIMDbLabel(IMDb.java:19)\r\n\tat java.base/jdk.internal.reflect.NativeMethodAccessorImpl.invoke0(Native Method)\r\n\tat java.base/jdk.internal.reflect.NativeMethodAccessorImpl.invoke(NativeMethodAccessorImpl.java:77)\r\n\tat java.base/jdk.internal.reflect.DelegatingMethodAccessorImpl.invoke(DelegatingMethodAccessorImpl.java:43)\r\n\tat java.base/java.lang.reflect.Method.invoke(Method.java:568)\r\n\tat org.testng.internal.invokers.MethodInvocationHelper.invokeMethod(MethodInvocationHelper.java:139)\r\n\tat org.testng.internal.invokers.TestInvoker.invokeMethod(TestInvoker.java:677)\r\n\tat org.testng.internal.invokers.TestInvoker.invokeTestMethod(TestInvoker.java:221)\r\n\tat org.testng.internal.invokers.MethodRunner.runInSequence(MethodRunner.java:50)\r\n\tat org.testng.internal.invokers.TestInvoker$MethodInvocationAgent.invoke(TestInvoker.java:969)\r\n\tat org.testng.internal.invokers.TestInvoker.invokeTestMethods(TestInvoker.java:194)\r\n\tat org.testng.internal.invokers.TestMethodWorker.invokeTestMethods(TestMethodWorker.java:148)\r\n\tat org.testng.internal.invokers.TestMethodWorker.run(TestMethodWorker.java:128)\r\n\tat java.base/java.util.concurrent.ThreadPoolExecutor.runWorker(ThreadPoolExecutor.java:1136)\r\n\tat java.base/java.util.concurrent.ThreadPoolExecutor$Worker.run(ThreadPoolExecutor.java:635)\r\n\tat java.base/java.lang.Thread.run(Thread.java:842)\r\n"},"stage":"finished","description":"Verify Same x_Axis and y_Axis of Element 'IMDb' label MAXSIZE window (using SoftAssert)","steps":[{"name":"Getting x_Axis of Element","status":"passed","stage":"finished","steps":[],"attachments":[],"parameters":[{"name":"element","value":"[[ChromeDriver: chrome on windows (4a8ddb01248a69310aa633bc5e016f30)] -> xpath: //a[@id='home_img_holder']]"}],"start":1728137101893,"stop":1728137101954},{"name":"Getting y_Axis of Element","status":"passed","stage":"finished","steps":[],"attachments":[],"parameters":[{"name":"element","value":"[[ChromeDriver: chrome on windows (4a8ddb01248a69310aa633bc5e016f30)] -> xpath: //a[@id='home_img_holder']]"}],"start":1728137101976,"stop":1728137102013},{"name":"Verify x_Axis and y_Axis (SoftAssertion)","status":"broken","statusDetails":{"known":false,"muted":false,"flaky":false,"message":"Cannot invoke \"org.testng.asserts.SoftAssert.assertEquals(int, int)\" because \"extensions.Verifications.softAssertX_axisY_Axis\" is null","trace":"java.lang.NullPointerException: Cannot invoke \"org.testng.asserts.SoftAssert.assertEquals(int, int)\" because \"extensions.Verifications.softAssertX_axisY_Axis\" is null\r\n\tat extensions.Verifications.verifyX_axisY_Axis(Verifications.java:17)\r\n\tat sanity.IMDb.test01_verifyX_axisY_AxisIMDbLabel(IMDb.java:19)\r\n\tat java.base/jdk.internal.reflect.NativeMethodAccessorImpl.invoke0(Native Method)\r\n\tat java.base/jdk.internal.reflect.NativeMethodAccessorImpl.invoke(NativeMethodAccessorImpl.java:77)\r\n\tat java.base/jdk.internal.reflect.DelegatingMethodAccessorImpl.invoke(DelegatingMethodAccessorImpl.java:43)\r\n\tat java.base/java.lang.reflect.Method.invoke(Method.java:568)\r\n\tat org.testng.internal.invokers.MethodInvocationHelper.invokeMethod(MethodInvocationHelper.java:139)\r\n\tat org.testng.internal.invokers.TestInvoker.invokeMethod(TestInvoker.java:677)\r\n\tat org.testng.internal.invokers.TestInvoker.invokeTestMethod(TestInvoker.java:221)\r\n\tat org.testng.internal.invokers.MethodRunner.runInSequence(MethodRunner.java:50)\r\n\tat org.testng.internal.invokers.TestInvoker$MethodInvocationAgent.invoke(TestInvoker.java:969)\r\n\tat org.testng.internal.invokers.TestInvoker.invokeTestMethods(TestInvoker.java:194)\r\n\tat org.testng.internal.invokers.TestMethodWorker.invokeTestMethods(TestMethodWorker.java:148)\r\n\tat org.testng.internal.invokers.TestMethodWorker.run(TestMethodWorker.java:128)\r\n\tat java.base/java.util.concurrent.ThreadPoolExecutor.runWorker(ThreadPoolExecutor.java:1136)\r\n\tat java.base/java.util.concurrent.ThreadPoolExecutor$Worker.run(ThreadPoolExecutor.java:635)\r\n\tat java.base/java.lang.Thread.run(Thread.java:842)\r\n"},"stage":"finished","steps":[],"attachments":[],"parameters":[{"name":"x_axisOfElem","value":"643"},{"name":"expectedX_Axis","value":"131"},{"name":"y_axisOfElem","value":"12"},{"name":"expectedY_Axis","value":"12"}],"start":1728137102033,"stop":1728137102036}],"attachments":[],"parameters":[],"start":1728137101760,"stop":1728137102042}